 
****************************************
Report : area
Design : CONV
Version: O-2018.06
Date   : Sun Mar  5 13:08:40 2023
****************************************

Library(s) Used:

    slow (File: /usr/cad/CBDK/CBDK_IC_Contest_v2.1/SynopsysDC/db/slow.db)

Number of ports:                          981
Number of nets:                          4631
Number of cells:                         3271
Number of combinational cells:           2999
Number of sequential cells:               259
Number of macros/black boxes:               0
Number of buf/inv:                        659
Number of references:                      84

Combinational area:              37487.079221
Buf/Inv area:                     3688.450186
Noncombinational area:            8038.886192
Macro/Black Box area:                0.000000
Net Interconnect area:          464802.321075

Total cell area:                 45525.965413
Total area:                     510328.286489
1
