 
****************************************
Report : timing
        -path full
        -delay max
        -max_paths 1
Design : CONV
Version: O-2018.06
Date   : Sun Mar  5 13:08:40 2023
****************************************

Operating Conditions: slow   Library: slow
Wire Load Model Mode: top

  Startpoint: cnt_reg[1] (rising edge-triggered flip-flop clocked by clk)
  Endpoint: result_reg_reg[39]
            (rising edge-triggered flip-flop clocked by clk)
  Path Group: clk
  Path Type: max

  Des/Clust/Port     Wire Load Model       Library
  ------------------------------------------------
  CONV               tsmc13_wl10           slow

  Point                                                   Incr       Path
  --------------------------------------------------------------------------
  clock clk (rise edge)                                   0.00       0.00
  clock network delay (ideal)                             0.50       0.50
  cnt_reg[1]/CK (DFFRX1)                                  0.00       0.50 r
  cnt_reg[1]/Q (DFFRX1)                                   0.67       1.17 r
  U1219/Y (BUFX16)                                        0.66       1.82 r
  U1223/Y (NAND2X1)                                       0.42       2.25 f
  U1103/Y (CLKINVX1)                                      0.35       2.59 r
  U1224/Y (NAND2X1)                                       0.57       3.17 f
  U1107/Y (CLKBUFX3)                                      1.01       4.17 f
  U1243/Y (OAI222XL)                                      0.61       4.78 r
  U979/Y (OR4X1)                                          0.86       5.64 r
  mult_329/a[2] (CONV_DW_mult_tc_1)                       0.00       5.64 r
  mult_329/U933/Y (CLKINVX1)                              0.70       6.34 f
  mult_329/U1406/Y (XNOR2X1)                              0.47       6.81 f
  mult_329/U1405/Y (NAND2X1)                              0.66       7.47 r
  mult_329/U906/Y (CLKINVX1)                              0.25       7.72 f
  mult_329/U905/Y (CLKBUFX3)                              0.75       8.48 f
  mult_329/U958/Y (AOI222XL)                              0.76       9.23 r
  mult_329/U957/Y (XNOR2X1)                               0.43       9.67 r
  mult_329/U150/S (ADDHXL)                                0.43      10.10 f
  mult_329/product[1] (CONV_DW_mult_tc_1)                 0.00      10.10 f
  add_329/B[1] (CONV_DW01_add_3)                          0.00      10.10 f
  add_329/U1_1/CO (ADDFXL)                                0.79      10.89 f
  add_329/U1_2/CO (ADDFXL)                                0.53      11.42 f
  add_329/U1_3/CO (ADDFXL)                                0.53      11.94 f
  add_329/U1_4/CO (ADDFXL)                                0.53      12.47 f
  add_329/U1_5/CO (ADDFXL)                                0.53      13.00 f
  add_329/U1_6/CO (ADDFXL)                                0.53      13.53 f
  add_329/U1_7/CO (ADDFXL)                                0.53      14.05 f
  add_329/U1_8/CO (ADDFXL)                                0.53      14.58 f
  add_329/U1_9/CO (ADDFXL)                                0.53      15.11 f
  add_329/U1_10/CO (ADDFXL)                               0.53      15.63 f
  add_329/U1_11/CO (ADDFXL)                               0.53      16.16 f
  add_329/U1_12/CO (ADDFXL)                               0.53      16.69 f
  add_329/U1_13/CO (ADDFXL)                               0.53      17.22 f
  add_329/U1_14/CO (ADDFXL)                               0.53      17.74 f
  add_329/U1_15/CO (ADDFXL)                               0.53      18.27 f
  add_329/U1_16/CO (ADDFXL)                               0.53      18.80 f
  add_329/U1_17/CO (ADDFXL)                               0.53      19.33 f
  add_329/U1_18/CO (ADDFXL)                               0.53      19.85 f
  add_329/U1_19/CO (ADDFXL)                               0.53      20.38 f
  add_329/U1_20/CO (ADDFXL)                               0.53      20.91 f
  add_329/U1_21/CO (ADDFXL)                               0.53      21.44 f
  add_329/U1_22/CO (ADDFXL)                               0.53      21.96 f
  add_329/U1_23/CO (ADDFXL)                               0.53      22.49 f
  add_329/U1_24/CO (ADDFXL)                               0.53      23.02 f
  add_329/U1_25/CO (ADDFXL)                               0.53      23.55 f
  add_329/U1_26/CO (ADDFXL)                               0.53      24.07 f
  add_329/U1_27/CO (ADDFXL)                               0.53      24.60 f
  add_329/U1_28/CO (ADDFXL)                               0.53      25.13 f
  add_329/U1_29/CO (ADDFXL)                               0.53      25.65 f
  add_329/U1_30/CO (ADDFXL)                               0.53      26.18 f
  add_329/U1_31/CO (ADDFXL)                               0.53      26.71 f
  add_329/U1_32/CO (ADDFXL)                               0.53      27.24 f
  add_329/U1_33/CO (ADDFXL)                               0.53      27.76 f
  add_329/U1_34/CO (ADDFXL)                               0.53      28.29 f
  add_329/U1_35/CO (ADDFXL)                               0.53      28.82 f
  add_329/U1_36/CO (ADDFXL)                               0.53      29.35 f
  add_329/U1_37/CO (ADDFXL)                               0.53      29.87 f
  add_329/U1_38/CO (ADDFXL)                               0.53      30.40 f
  add_329/U1_39/Y (XOR3X1)                                0.32      30.73 f
  add_329/SUM[39] (CONV_DW01_add_3)                       0.00      30.73 f
  U1232/Y (AOI222XL)                                      0.67      31.40 r
  U1231/Y (CLKINVX1)                                      0.24      31.64 f
  result_reg_reg[39]/D (DFFRX1)                           0.00      31.64 f
  data arrival time                                                 31.64

  clock clk (rise edge)                                  50.00      50.00
  clock network delay (ideal)                             0.50      50.50
  clock uncertainty                                      -0.10      50.40
  result_reg_reg[39]/CK (DFFRX1)                          0.00      50.40 r
  library setup time                                     -0.25      50.15
  data required time                                                50.15
  --------------------------------------------------------------------------
  data required time                                                50.15
  data arrival time                                                -31.64
  --------------------------------------------------------------------------
  slack (MET)                                                       18.51


1
