 
****************************************
Report : area
Design : LCD_CTRL
Version: O-2018.06
Date   : Fri Feb 17 18:02:14 2023
****************************************

Library(s) Used:

    slow (File: /usr/cad/CBDK/CBDK_IC_Contest_v2.1/SynopsysDC/db/slow.db)

Number of ports:                          129
Number of nets:                          5752
Number of cells:                         5615
Number of combinational cells:           5074
Number of sequential cells:               538
Number of macros/black boxes:               0
Number of buf/inv:                        744
Number of references:                      75

Combinational area:              48275.752850
Buf/Inv area:                     4477.741151
Noncombinational area:           17247.280823
Macro/Black Box area:                0.000000
Net Interconnect area:          922324.618256

Total cell area:                 65523.033672
Total area:                     987847.651928
1
