 
****************************************
Report : area
Design : CTE
Version: O-2018.06
Date   : Fri Mar 10 20:45:02 2023
****************************************

Library(s) Used:

    slow (File: /usr/cad/CBDK/CBDK_IC_Contest_v2.1/SynopsysDC/db/slow.db)

Number of ports:                         1018
Number of nets:                          3536
Number of cells:                         1986
Number of combinational cells:           1755
Number of sequential cells:               211
Number of macros/black boxes:               0
Number of buf/inv:                        326
Number of references:                      87

Combinational area:              28170.050934
Buf/Inv area:                     1775.480371
Noncombinational area:            6558.753387
Macro/Black Box area:                0.000000
Net Interconnect area:          254521.277222

Total cell area:                 34728.804322
Total area:                     289250.081543
1
