 
****************************************
Report : area
Design : LMFE
Version: O-2018.06
Date   : Sat Mar 18 20:06:22 2023
****************************************

Library(s) Used:

    slow (File: /usr/cad/CBDK/CBDK_IC_Contest_v2.1/SynopsysDC/db/slow.db)

Number of ports:                           53
Number of nets:                         35015
Number of cells:                        33456
Number of combinational cells:          25853
Number of sequential cells:              7601
Number of macros/black boxes:               0
Number of buf/inv:                       5177
Number of references:                      72

Combinational area:             216603.523643
Buf/Inv area:                    33184.169376
Noncombinational area:          245162.263302
Macro/Black Box area:                0.000000
Net Interconnect area:         5111006.216827

Total cell area:                461765.786945
Total area:                    5572772.003773
1
