 
****************************************
Report : area
Design : SME
Version: O-2018.06
Date   : Sat Apr  8 11:31:24 2023
****************************************

Library(s) Used:

    slow (File: /usr/cad/CBDK/CBDK_IC_Contest_v2.1/SynopsysDC/db/slow.db)

Number of ports:                          251
Number of nets:                          1297
Number of cells:                          950
Number of combinational cells:            790
Number of sequential cells:               151
Number of macros/black boxes:               0
Number of buf/inv:                        132
Number of references:                     103

Combinational area:               7679.037589
Buf/Inv area:                      923.385600
Noncombinational area:            4837.589851
Macro/Black Box area:                0.000000
Net Interconnect area:          120727.277130

Total cell area:                 12516.627440
Total area:                     133243.904570
1
