 
****************************************
Report : area
Design : DT
Version: O-2018.06
Date   : Fri Mar  3 18:12:50 2023
****************************************

Library(s) Used:

    slow (File: /usr/cad/CBDK/CBDK_IC_Contest_v2.1/SynopsysDC/db/slow.db)

Number of ports:                          154
Number of nets:                           863
Number of cells:                          644
Number of combinational cells:            552
Number of sequential cells:                86
Number of macros/black boxes:               0
Number of buf/inv:                        107
Number of references:                      79

Combinational area:               5049.764945
Buf/Inv area:                      436.231793
Noncombinational area:            2950.081142
Macro/Black Box area:                0.000000
Net Interconnect area:           89460.450836

Total cell area:                  7999.846087
Total area:                      97460.296924
1
