 
****************************************
Report : area
Design : GSIM
Version: O-2018.06
Date   : Sat Mar 18 08:40:41 2023
****************************************

Library(s) Used:

    slow (File: /usr/cad/CBDK/CBDK_IC_Contest_v2.1/SynopsysDC/db/slow.db)

Number of ports:                          462
Number of nets:                          6790
Number of cells:                         5034
Number of combinational cells:           4158
Number of sequential cells:               872
Number of macros/black boxes:               0
Number of buf/inv:                        746
Number of references:                      57

Combinational area:              49272.127441
Buf/Inv area:                     4380.989318
Noncombinational area:           28122.522362
Macro/Black Box area:                0.000000
Net Interconnect area:          754557.138062

Total cell area:                 77394.649803
Total area:                     831951.787865
1
