 
****************************************
Report : area
Design : huffman
Version: O-2018.06
Date   : Sat Mar  4 12:13:41 2023
****************************************

Library(s) Used:

    slow (File: /usr/cad/CBDK/CBDK_IC_Contest_v2.1/SynopsysDC/db/slow.db)

Number of ports:                          277
Number of nets:                          2560
Number of cells:                         2269
Number of combinational cells:           1815
Number of sequential cells:               449
Number of macros/black boxes:               0
Number of buf/inv:                        331
Number of references:                      61

Combinational area:              16848.392183
Buf/Inv area:                     1766.993372
Noncombinational area:           15100.070095
Macro/Black Box area:                0.000000
Net Interconnect area:          349721.779144

Total cell area:                 31948.462278
Total area:                     381670.241422
1
