 
****************************************
Report : area
Design : JAM
Version: O-2018.06
Date   : Tue Mar 28 18:35:25 2023
****************************************

Library(s) Used:

    slow (File: /usr/cad/CBDK/CBDK_IC_Contest_v2.1/SynopsysDC/db/slow.db)

Number of ports:                           62
Number of nets:                           757
Number of cells:                          662
Number of combinational cells:            596
Number of sequential cells:                65
Number of macros/black boxes:               0
Number of buf/inv:                        101
Number of references:                      88

Combinational area:               5131.240180
Buf/Inv area:                      622.945799
Noncombinational area:            2064.038382
Macro/Black Box area:                0.000000
Net Interconnect area:           91607.125916

Total cell area:                  7195.278562
Total area:                      98802.404477
1
