 
****************************************
Report : area
Design : ATE
Version: O-2018.06
Date   : Sat Mar 11 12:42:55 2023
****************************************

Library(s) Used:

    slow (File: /usr/cad/CBDK/CBDK_IC_Contest_v2.1/SynopsysDC/db/slow.db)

Number of ports:                          111
Number of nets:                          3609
Number of cells:                         2935
Number of combinational cells:           2351
Number of sequential cells:               579
Number of macros/black boxes:               0
Number of buf/inv:                       1183
Number of references:                      79

Combinational area:              17449.271670
Buf/Inv area:                     4557.518938
Noncombinational area:           18649.333191
Macro/Black Box area:                0.000000
Net Interconnect area:          318314.967133

Total cell area:                 36098.604861
Total area:                     354413.571993
1
