 
****************************************
Report : area
Design : SET
Version: O-2018.06
Date   : Sat Feb 25 19:11:15 2023
****************************************

Library(s) Used:

    slow (File: /usr/cad/CBDK/CBDK_IC_Contest_v2.1/SynopsysDC/db/slow.db)

Number of ports:                          115
Number of nets:                           735
Number of cells:                          555
Number of combinational cells:            471
Number of sequential cells:                82
Number of macros/black boxes:               0
Number of buf/inv:                        107
Number of references:                     126

Combinational area:               5631.973181
Buf/Inv area:                      646.709392
Noncombinational area:            2666.615326
Macro/Black Box area:                0.000000
Net Interconnect area:           70327.021423

Total cell area:                  8298.588507
Total area:                      78625.609930
1
