 
****************************************
Report : area
Design : ISE
Version: O-2018.06
Date   : Sat Apr  8 17:46:32 2023
****************************************

Library(s) Used:

    slow (File: /usr/cad/CBDK/CBDK_IC_Contest_v2.1/SynopsysDC/db/slow.db)

Number of ports:                         4320
Number of nets:                         17518
Number of cells:                        13562
Number of combinational cells:          12540
Number of sequential cells:               942
Number of macros/black boxes:               0
Number of buf/inv:                       3164
Number of references:                      96

Combinational area:             128586.536687
Buf/Inv area:                    22938.663489
Noncombinational area:           28784.508720
Macro/Black Box area:                0.000000
Net Interconnect area:         1535107.715881

Total cell area:                157371.045407
Total area:                    1692478.761288
1
