 
****************************************
Report : area
Design : geofence
Version: O-2018.06
Date   : Sat Feb 25 19:21:27 2023
****************************************

Library(s) Used:

    slow (File: /usr/cad/CBDK/CBDK_IC_Contest_v2.1/SynopsysDC/db/slow.db)

Number of ports:                          465
Number of nets:                          2199
Number of cells:                         1593
Number of combinational cells:           1396
Number of sequential cells:               185
Number of macros/black boxes:               0
Number of buf/inv:                        344
Number of references:                      57

Combinational area:              15495.564609
Buf/Inv area:                     1473.343184
Noncombinational area:            5587.840614
Macro/Black Box area:                0.000000
Net Interconnect area:          221621.113770

Total cell area:                 21083.405224
Total area:                     242704.518993
1
