 
****************************************
Report : area
Design : FC
Version: O-2018.06
Date   : Sat Feb 18 09:27:25 2023
****************************************

Library(s) Used:

    slow (File: /usr/cad/CBDK/CBDK_IC_Contest_v2.1/SynopsysDC/db/slow.db)

Number of ports:                          106
Number of nets:                           321
Number of cells:                          224
Number of combinational cells:            192
Number of sequential cells:                30
Number of macros/black boxes:               0
Number of buf/inv:                         54
Number of references:                      51

Combinational area:               1761.901204
Buf/Inv area:                      354.756597
Noncombinational area:             886.042801
Macro/Black Box area:                0.000000
Net Interconnect area:           25713.462250

Total cell area:                  2647.944005
Total area:                      28361.406255
1
