 
****************************************
Report : area
Design : LBP
Version: O-2018.06
Date   : Thu Feb 23 21:10:55 2023
****************************************

Library(s) Used:

    slow (File: /usr/cad/CBDK/CBDK_IC_Contest_v2.1/SynopsysDC/db/slow.db)

Number of ports:                          106
Number of nets:                           778
Number of cells:                          650
Number of combinational cells:            505
Number of sequential cells:               142
Number of macros/black boxes:               0
Number of buf/inv:                        133
Number of references:                      62

Combinational area:               4589.769556
Buf/Inv area:                      945.451786
Noncombinational area:            4606.743450
Macro/Black Box area:                0.000000
Net Interconnect area:           83720.426849

Total cell area:                  9196.513006
Total area:                      92916.939855
1
