 
****************************************
Report : timing
        -path full
        -delay max
        -max_paths 1
Design : LBP
Version: O-2018.06
Date   : Thu Feb 23 21:10:55 2023
****************************************

Operating Conditions: slow   Library: slow
Wire Load Model Mode: top

  Startpoint: st_reg[2] (rising edge-triggered flip-flop clocked by clk)
  Endpoint: kernal_4_reg[3]
            (rising edge-triggered flip-flop clocked by clk)
  Path Group: clk
  Path Type: max

  Des/Clust/Port     Wire Load Model       Library
  ------------------------------------------------
  LBP                tsmc13_wl10           slow

  Point                                    Incr       Path
  -----------------------------------------------------------
  clock clk (rise edge)                    0.00       0.00
  clock network delay (ideal)              0.50       0.50
  st_reg[2]/CK (DFFRXL)                    0.00       0.50 r
  st_reg[2]/Q (DFFRXL)                     0.83       1.33 f
  U733/Y (OR2X1)                           0.61       1.94 f
  U345/Y (NOR3X2)                          0.73       2.67 r
  U725/Y (AND3X1)                          0.77       3.44 r
  U292/Y (NAND2X1)                         0.66       4.10 f
  U394/Y (CLKBUFX3)                        1.00       5.10 f
  U343/Y (BUFX2)                           0.59       5.69 f
  U403/Y (NAND2BX1)                        0.24       5.92 r
  U402/Y (CLKBUFX3)                        0.49       6.41 r
  U349/Y (NAND2X2)                         0.41       6.82 f
  U655/Y (OAI222XL)                        0.67       7.49 r
  kernal_4_reg[3]/D (DFFRX4)               0.00       7.49 r
  data arrival time                                   7.49

  clock clk (rise edge)                   15.00      15.00
  clock network delay (ideal)              0.50      15.50
  clock uncertainty                       -0.10      15.40
  kernal_4_reg[3]/CK (DFFRX4)              0.00      15.40 r
  library setup time                      -0.29      15.11
  data required time                                 15.11
  -----------------------------------------------------------
  data required time                                 15.11
  data arrival time                                  -7.49
  -----------------------------------------------------------
  slack (MET)                                         7.63


1
