 
****************************************
Report : area
Design : GPSDC
Version: O-2018.06
Date   : Sat Apr 29 17:38:19 2023
****************************************

Library(s) Used:

    slow (File: /usr/cad/CBDK/CBDK_IC_Contest_v2.1/SynopsysDC/db/slow.db)

Number of ports:                       106594
Number of nets:                        269649
Number of cells:                       211150
Number of combinational cells:         210139
Number of sequential cells:               597
Number of macros/black boxes:               0
Number of buf/inv:                      51009
Number of references:                     116

Combinational area:            1704708.989835
Buf/Inv area:                   226540.092693
Noncombinational area:           18489.777687
Macro/Black Box area:                0.000000
Net Interconnect area:        21710747.879211

Total cell area:               1723198.767522
Total area:                   23433946.646733
1
