 
****************************************
Report : area
Design : RFILE
Version: O-2018.06
Date   : Tue May  2 13:26:00 2023
****************************************

Library(s) Used:

    slow (File: /usr/cad/CBDK/CBDK_IC_Contest_v2.1/SynopsysDC/db/slow.db)

Number of ports:                         3633
Number of nets:                         12096
Number of cells:                         7554
Number of combinational cells:           6734
Number of sequential cells:               753
Number of macros/black boxes:               0
Number of buf/inv:                       1581
Number of references:                      84

Combinational area:              83593.556429
Buf/Inv area:                     5652.341913
Noncombinational area:           23223.827257
Macro/Black Box area:                0.000000
Net Interconnect area:      undefined  (No wire load specified)

Total cell area:                106817.383686
Total area:                 undefined
1
