 
****************************************
Report : area
Design : S2
Version: O-2018.06
Date   : Fri Feb 17 21:47:39 2023
****************************************

Library(s) Used:

    slow (File: /usr/cad/CBDK/CBDK_IC_Contest_v2.1/SynopsysDC/db/slow.db)

Number of ports:                           46
Number of nets:                          1378
Number of cells:                         1176
Number of combinational cells:            833
Number of sequential cells:               343
Number of macros/black boxes:               0
Number of buf/inv:                        435
Number of references:                      48

Combinational area:               5396.034633
Buf/Inv area:                     1945.220393
Noncombinational area:            6731.888397
Macro/Black Box area:                0.000000
Net Interconnect area:          112187.234589

Total cell area:                 12127.923031
Total area:                     124315.157619
1
