 
****************************************
Report : area
Design : SME
Version: O-2018.06
Date   : Fri Feb 17 20:20:49 2023
****************************************

Library(s) Used:

    slow (File: /usr/cad/CBDK/CBDK_IC_Contest_v2.1/SynopsysDC/db/slow.db)

Number of ports:                           19
Number of nets:                          1781
Number of cells:                         1703
Number of combinational cells:           1361
Number of sequential cells:               342
Number of macros/black boxes:               0
Number of buf/inv:                        191
Number of references:                      60

Combinational area:              12234.859073
Buf/Inv area:                     1130.468383
Noncombinational area:           11050.073631
Macro/Black Box area:                0.000000
Net Interconnect area:          229647.834381

Total cell area:                 23284.932704
Total area:                     252932.767085
1
