 
****************************************
Report : area
Design : STI_DAC
Version: O-2018.06
Date   : Sun Feb 19 19:36:20 2023
****************************************

Library(s) Used:

    slow (File: /usr/cad/CBDK/CBDK_IC_Contest_v2.1/SynopsysDC/db/slow.db)

Number of ports:                           67
Number of nets:                           441
Number of cells:                          370
Number of combinational cells:            328
Number of sequential cells:                41
Number of macros/black boxes:               0
Number of buf/inv:                         80
Number of references:                      54

Combinational area:               3021.371994
Buf/Inv area:                      609.366609
Noncombinational area:            1312.090158
Macro/Black Box area:                0.000000
Net Interconnect area:           52360.260010

Total cell area:                  4333.462152
Total area:                      56693.722162
1
